<?xml version="1.0" encoding="UTF-8"?>
<!-- Generated by org.testng.reporters.JUnitReportReporter -->
<testsuite hostname="DELL-PC" name="com.Tm_TestCases.TestCases_Myinfo" tests="1" failures="0" timestamp="8 Dec 2018 05:25:49 GMT" time="22.616" errors="0">
  <testcase name="TC_202_AddDependent" time="22.616" classname="com.Tm_TestCases.TestCases_Myinfo"/>
</testsuite> <!-- com.Tm_TestCases.TestCases_Myinfo -->
