<?xml version="1.0" encoding="UTF-8"?>
<!-- Generated by org.testng.reporters.JUnitReportReporter -->
<testsuite hostname="DELL-PC" name="com.Tm_TestCases.TestCases_Leave" tests="2" failures="0" timestamp="8 Dec 2018 03:19:38 GMT" time="40.072" errors="1">
  <testcase name="TC101_verifyLoginFunctionality" time="24.355" classname="com.Tm_TestCases.TestCases_Leave"/>
  <testcase name="TC102_ApplyLeave" time="15.717" classname="com.Tm_TestCases.TestCases_Leave">
    <error type="java.lang.Error" message="Unresolved compilation problem: 
	The method selectByvalue(WebElement, String) is undefined for the type ApplyLeave
">
      <![CDATA[java.lang.Error: Unresolved compilation problem: 
	The method selectByvalue(WebElement, String) is undefined for the type ApplyLeave

	at com.Tm_ScreeningPages.ApplyLeave.applyLeave(ApplyLeave.java:34)
	at com.Tm_TestCases.TestCases_Leave.TC102_ApplyLeave(TestCases_Leave.java:40)
	at sun.reflect.NativeMethodAccessorImpl.invoke0(Native Method)
	at sun.reflect.NativeMethodAccessorImpl.invoke(Unknown Source)
	at sun.reflect.DelegatingMethodAccessorImpl.invoke(Unknown Source)
	at java.lang.reflect.Method.invoke(Unknown Source)
	at org.testng.internal.MethodInvocationHelper.invokeMethod(MethodInvocationHelper.java:85)
	at org.testng.internal.Invoker.invokeMethod(Invoker.java:639)
	at org.testng.internal.Invoker.invokeTestMethod(Invoker.java:816)
	at org.testng.internal.Invoker.invokeTestMethods(Invoker.java:1124)
	at org.testng.internal.TestMethodWorker.invokeTestMethods(TestMethodWorker.java:125)
	at org.testng.internal.TestMethodWorker.run(TestMethodWorker.java:108)
	at org.testng.TestRunner.privateRun(TestRunner.java:774)
	at org.testng.TestRunner.run(TestRunner.java:624)
	at org.testng.SuiteRunner.runTest(SuiteRunner.java:359)
	at org.testng.SuiteRunner.runSequentially(SuiteRunner.java:354)
	at org.testng.SuiteRunner.privateRun(SuiteRunner.java:312)
	at org.testng.SuiteRunner.run(SuiteRunner.java:261)
	at org.testng.SuiteRunnerWorker.runSuite(SuiteRunnerWorker.java:52)
	at org.testng.SuiteRunnerWorker.run(SuiteRunnerWorker.java:86)
	at org.testng.TestNG.runSuitesSequentially(TestNG.java:1215)
	at org.testng.TestNG.runSuitesLocally(TestNG.java:1140)
	at org.testng.TestNG.run(TestNG.java:1048)
	at org.testng.remote.AbstractRemoteTestNG.run(AbstractRemoteTestNG.java:114)
	at org.testng.remote.RemoteTestNG.initAndRun(RemoteTestNG.java:251)
	at org.testng.remote.RemoteTestNG.main(RemoteTestNG.java:77)
]]>
    </error>
  </testcase> <!-- TC102_ApplyLeave -->
</testsuite> <!-- com.Tm_TestCases.TestCases_Leave -->
